<?xml version="1.0" encoding="UTF-8"?>
<!-- Generated by org.testng.reporters.JUnitReportReporter -->
<testsuite hostname="AishUdhay" failures="0" tests="1" name="Automation_Framework.demo" time="0.008" errors="0" timestamp="2025-03-08T21:47:21 IST" skipped="0">
  <testcase classname="Automation_Framework.demo" name="add" time="0.008"/>
  <system-out/>
</testsuite> <!-- Automation_Framework.demo -->
