<?xml version="1.0" encoding="UTF-8"?>
<!-- Generated by org.testng.reporters.JUnitReportReporter -->
<testsuite hostname="AishUdhay" failures="0" tests="1" name="Automation_Framework.demo" time="0.010" errors="0" timestamp="2025-02-19T17:24:47 IST" skipped="0">
  <testcase classname="Automation_Framework.demo" name="add" time="0.010"/>
  <system-out/>
</testsuite> <!-- Automation_Framework.demo -->
